# This is the CMakeCache file.
# For build in directory: /home/runner/work/fiction/fiction/_codeql_build_dir
# It was generated by CMake: /usr/local/bin/cmake
# You can edit this file to change values found and used by cmake.
# If you do not want to change any of the values, simply exit the editor.
# If you do want to change a value, simply edit, save, and exit the editor.
# The syntax for the file is as follows:
# KEY:TYPE=VALUE
# KEY is the name of a variable in the cache.
# TYPE is a hint to GUIs for the type of VALUE, DO NOT EDIT TYPE!.
# VALUE is the current value for the KEY.

########################
# EXTERNAL cache entries
########################

//Build examples
ALICE_EXAMPLES:BOOL=OFF

//Readline library
ALICE_READLINE_LIBRARY:STRING=READLINE

//Build tests
ALICE_TEST:BOOL=OFF

//Enable Z3 interface for bill library
BILL_Z3:BOOL=OFF

//No help, variable specified on the command line.
BUILD_DOCS:UNINITIALIZED=OFF

//No help, variable specified on the command line.
BUILD_DOCUMENTATION:UNINITIALIZED=OFF

//Build the testing tree.
BUILD_TESTING:BOOL=ON

//Path to a program.
CACHE_BINARY:FILEPATH=CACHE_BINARY-NOTFOUND

//Compiler cache to be used
CACHE_OPTION:STRING=ccache

//No help, variable specified on the command line.
CATKIN_ENABLE_TESTING:UNINITIALIZED=OFF

//Path to a program.
CMAKE_ADDR2LINE:FILEPATH=/usr/bin/addr2line

//Path to a program.
CMAKE_AR:FILEPATH=/usr/bin/ar

//Choose the type of build, options are: None Debug Release RelWithDebInfo
// MinSizeRel ...
CMAKE_BUILD_TYPE:STRING=Release

//Enable/Disable color output during build.
CMAKE_COLOR_MAKEFILE:BOOL=ON

//CXX compiler
CMAKE_CXX_COMPILER:FILEPATH=/home/runner/work/fiction/.codeql-scratch/dbs/cpp/working/autobuild/bin/c++

//A wrapper around 'ar' adding the appropriate '--plugin' option
// for the GCC compiler
CMAKE_CXX_COMPILER_AR:FILEPATH=/usr/bin/gcc-ar-13

//A wrapper around 'ranlib' adding the appropriate '--plugin' option
// for the GCC compiler
CMAKE_CXX_COMPILER_RANLIB:FILEPATH=/usr/bin/gcc-ranlib-13

//Flags used by the CXX compiler during all build types.
CMAKE_CXX_FLAGS:STRING=

//Flags used by the CXX compiler during DEBUG builds.
CMAKE_CXX_FLAGS_DEBUG:STRING=-g

//Flags used by the CXX compiler during MINSIZEREL builds.
CMAKE_CXX_FLAGS_MINSIZEREL:STRING=-Os -DNDEBUG

//Flags used by the CXX compiler during RELEASE builds.
CMAKE_CXX_FLAGS_RELEASE:STRING=-O3 -DNDEBUG

//Flags used by the CXX compiler during RELWITHDEBINFO builds.
CMAKE_CXX_FLAGS_RELWITHDEBINFO:STRING=-O2 -g -DNDEBUG

//C compiler
CMAKE_C_COMPILER:FILEPATH=/home/runner/work/fiction/.codeql-scratch/dbs/cpp/working/autobuild/bin/cc

//A wrapper around 'ar' adding the appropriate '--plugin' option
// for the GCC compiler
CMAKE_C_COMPILER_AR:FILEPATH=/usr/bin/gcc-ar-13

//A wrapper around 'ranlib' adding the appropriate '--plugin' option
// for the GCC compiler
CMAKE_C_COMPILER_RANLIB:FILEPATH=/usr/bin/gcc-ranlib-13

//Flags used by the C compiler during all build types.
CMAKE_C_FLAGS:STRING=

//Flags used by the C compiler during DEBUG builds.
CMAKE_C_FLAGS_DEBUG:STRING=-g

//Flags used by the C compiler during MINSIZEREL builds.
CMAKE_C_FLAGS_MINSIZEREL:STRING=-Os -DNDEBUG

//Flags used by the C compiler during RELEASE builds.
CMAKE_C_FLAGS_RELEASE:STRING=-O3 -DNDEBUG

//Flags used by the C compiler during RELWITHDEBINFO builds.
CMAKE_C_FLAGS_RELWITHDEBINFO:STRING=-O2 -g -DNDEBUG

//Path to a program.
CMAKE_DLLTOOL:FILEPATH=CMAKE_DLLTOOL-NOTFOUND

//Flags used by the linker during all build types.
CMAKE_EXE_LINKER_FLAGS:STRING=

//Flags used by the linker during DEBUG builds.
CMAKE_EXE_LINKER_FLAGS_DEBUG:STRING=

//Flags used by the linker during MINSIZEREL builds.
CMAKE_EXE_LINKER_FLAGS_MINSIZEREL:STRING=

//Flags used by the linker during RELEASE builds.
CMAKE_EXE_LINKER_FLAGS_RELEASE:STRING=

//Flags used by the linker during RELWITHDEBINFO builds.
CMAKE_EXE_LINKER_FLAGS_RELWITHDEBINFO:STRING=

//Enable/Disable output of compile commands during generation.
CMAKE_EXPORT_COMPILE_COMMANDS:BOOL=

//Value Computed by CMake.
CMAKE_FIND_PACKAGE_REDIRECTS_DIR:STATIC=/home/runner/work/fiction/fiction/_codeql_build_dir/CMakeFiles/pkgRedirects

//User executables (bin)
CMAKE_INSTALL_BINDIR:PATH=bin

//Read-only architecture-independent data (DATAROOTDIR)
CMAKE_INSTALL_DATADIR:PATH=

//Read-only architecture-independent data root (share)
CMAKE_INSTALL_DATAROOTDIR:PATH=share

//Documentation root (DATAROOTDIR/doc/PROJECT_NAME)
CMAKE_INSTALL_DOCDIR:PATH=

//C header files (include)
CMAKE_INSTALL_INCLUDEDIR:PATH=include

//Info documentation (DATAROOTDIR/info)
CMAKE_INSTALL_INFODIR:PATH=

//Object code libraries (lib)
CMAKE_INSTALL_LIBDIR:PATH=lib

//Program executables (libexec)
CMAKE_INSTALL_LIBEXECDIR:PATH=libexec

//Locale-dependent data (DATAROOTDIR/locale)
CMAKE_INSTALL_LOCALEDIR:PATH=

//Modifiable single-machine data (var)
CMAKE_INSTALL_LOCALSTATEDIR:PATH=var

//Man documentation (DATAROOTDIR/man)
CMAKE_INSTALL_MANDIR:PATH=

//C header files for non-gcc (/usr/include)
CMAKE_INSTALL_OLDINCLUDEDIR:PATH=/usr/include

//Install path prefix, prepended onto install directories.
CMAKE_INSTALL_PREFIX:PATH=/usr/local

//Run-time variable data (LOCALSTATEDIR/run)
CMAKE_INSTALL_RUNSTATEDIR:PATH=

//System admin executables (sbin)
CMAKE_INSTALL_SBINDIR:PATH=sbin

//Modifiable architecture-independent data (com)
CMAKE_INSTALL_SHAREDSTATEDIR:PATH=com

//Read-only single-machine data (etc)
CMAKE_INSTALL_SYSCONFDIR:PATH=etc

//Path to a program.
CMAKE_LINKER:FILEPATH=/usr/bin/ld

//Path to a program.
CMAKE_MAKE_PROGRAM:FILEPATH=/usr/bin/gmake

//Flags used by the linker during the creation of modules during
// all build types.
CMAKE_MODULE_LINKER_FLAGS:STRING=

//Flags used by the linker during the creation of modules during
// DEBUG builds.
CMAKE_MODULE_LINKER_FLAGS_DEBUG:STRING=

//Flags used by the linker during the creation of modules during
// MINSIZEREL builds.
CMAKE_MODULE_LINKER_FLAGS_MINSIZEREL:STRING=

//Flags used by the linker during the creation of modules during
// RELEASE builds.
CMAKE_MODULE_LINKER_FLAGS_RELEASE:STRING=

//Flags used by the linker during the creation of modules during
// RELWITHDEBINFO builds.
CMAKE_MODULE_LINKER_FLAGS_RELWITHDEBINFO:STRING=

//Path to a program.
CMAKE_NM:FILEPATH=/usr/bin/nm

//Path to a program.
CMAKE_OBJCOPY:FILEPATH=/usr/bin/objcopy

//Path to a program.
CMAKE_OBJDUMP:FILEPATH=/usr/bin/objdump

//Value Computed by CMake
CMAKE_PROJECT_DESCRIPTION:STATIC=An open-source design automation framework for Field-coupled Nanotechnologies

//Value Computed by CMake
CMAKE_PROJECT_HOMEPAGE_URL:STATIC=https://github.com/cda-tum/fiction

//Value Computed by CMake
CMAKE_PROJECT_NAME:STATIC=fiction

//Value Computed by CMake
CMAKE_PROJECT_VERSION:STATIC=0.6.12

//Value Computed by CMake
CMAKE_PROJECT_VERSION_MAJOR:STATIC=0

//Value Computed by CMake
CMAKE_PROJECT_VERSION_MINOR:STATIC=6

//Value Computed by CMake
CMAKE_PROJECT_VERSION_PATCH:STATIC=12

//Value Computed by CMake
CMAKE_PROJECT_VERSION_TWEAK:STATIC=

//Path to a program.
CMAKE_RANLIB:FILEPATH=/usr/bin/ranlib

//Path to a program.
CMAKE_READELF:FILEPATH=/usr/bin/readelf

//Flags used by the linker during the creation of shared libraries
// during all build types.
CMAKE_SHARED_LINKER_FLAGS:STRING=

//Flags used by the linker during the creation of shared libraries
// during DEBUG builds.
CMAKE_SHARED_LINKER_FLAGS_DEBUG:STRING=

//Flags used by the linker during the creation of shared libraries
// during MINSIZEREL builds.
CMAKE_SHARED_LINKER_FLAGS_MINSIZEREL:STRING=

//Flags used by the linker during the creation of shared libraries
// during RELEASE builds.
CMAKE_SHARED_LINKER_FLAGS_RELEASE:STRING=

//Flags used by the linker during the creation of shared libraries
// during RELWITHDEBINFO builds.
CMAKE_SHARED_LINKER_FLAGS_RELWITHDEBINFO:STRING=

//If set, runtime paths are not added when installing shared libraries,
// but are added when building.
CMAKE_SKIP_INSTALL_RPATH:BOOL=NO

//If set, runtime paths are not added when using shared libraries.
CMAKE_SKIP_RPATH:BOOL=NO

//Flags used by the linker during the creation of static libraries
// during all build types.
CMAKE_STATIC_LINKER_FLAGS:STRING=

//Flags used by the linker during the creation of static libraries
// during DEBUG builds.
CMAKE_STATIC_LINKER_FLAGS_DEBUG:STRING=

//Flags used by the linker during the creation of static libraries
// during MINSIZEREL builds.
CMAKE_STATIC_LINKER_FLAGS_MINSIZEREL:STRING=

//Flags used by the linker during the creation of static libraries
// during RELEASE builds.
CMAKE_STATIC_LINKER_FLAGS_RELEASE:STRING=

//Flags used by the linker during the creation of static libraries
// during RELWITHDEBINFO builds.
CMAKE_STATIC_LINKER_FLAGS_RELWITHDEBINFO:STRING=

//Path to a program.
CMAKE_STRIP:FILEPATH=/usr/bin/strip

//Path to a program.
CMAKE_TAPI:FILEPATH=CMAKE_TAPI-NOTFOUND

//If this value is on, makefiles will be generated without the
// .SILENT directive, and all commands will be echoed to the console
// during the make.  This is useful for debugging only. With Visual
// Studio IDE projects all commands are done without /nologo.
CMAKE_VERBOSE_MAKEFILE:BOOL=ON

//Path to the coverage program that CTest uses for performing coverage
// inspection
COVERAGE_COMMAND:FILEPATH=/usr/bin/gcov

//Extra command line flags to pass to the coverage tool
COVERAGE_EXTRA_FLAGS:STRING=-l

//How many times to retry timed-out CTest submissions.
CTEST_SUBMIT_RETRY_COUNT:STRING=3

//How long to wait between timed-out CTest submissions.
CTEST_SUBMIT_RETRY_DELAY:STRING=5

//Maximum time allowed before CTest will kill the test.
DART_TESTING_TIMEOUT:STRING=1500

//Enable linking ABC as a static library
ENABLE_ABC:BOOL=OFF

//Enable coverage reporting for gcc/clang
ENABLE_COVERAGE:BOOL=OFF

//Enable matplotlib library in experiments
ENABLE_MATPLOTLIB:BOOL=OFF

//Enable the Nauty library for percy
ENABLE_NAUTY:BOOL=OFF

//Directory under which to collect all populated content
FETCHCONTENT_BASE_DIR:PATH=/home/runner/work/fiction/fiction/_codeql_build_dir/_deps

//Disables all attempts to download or update content and assumes
// source dirs already exist
FETCHCONTENT_FULLY_DISCONNECTED:BOOL=OFF

//Enables QUIET option for all content population
FETCHCONTENT_QUIET:BOOL=ON

//Enables UPDATE_DISCONNECTED behavior for all content population
FETCHCONTENT_UPDATES_DISCONNECTED:BOOL=OFF

//Find, include, and utilize ABC. It needs to be installed manually.
FICTION_ABC:BOOL=OFF

//Automatically download, include, and utilize ALGLIB by the ALGLIB
// project.
FICTION_ALGLIB:BOOL=OFF

//Build fiction CLI
FICTION_CLI:BOOL=ON

//Enable ccache
FICTION_ENABLE_CACHE:BOOL=ON

//Enable coverage reporting
FICTION_ENABLE_COVERAGE:BOOL=OFF

//Enable hardening
FICTION_ENABLE_HARDENING:BOOL=OFF

//Enable IPO/LTO
FICTION_ENABLE_IPO:BOOL=OFF

//Automatically download and link jemalloc by Jason Evans.
FICTION_ENABLE_JEMALLOC:BOOL=OFF

//Enable the usage of Mugen, a Python3 library by Winston Haaswijk
// for FCN one-pass synthesis, and its dependencies
FICTION_ENABLE_MUGEN:BOOL=OFF

//Enable precompiled headers
FICTION_ENABLE_PCH:BOOL=OFF

//Enable address sanitizer
FICTION_ENABLE_SANITIZER_ADDRESS:BOOL=OFF

//Enable leak sanitizer
FICTION_ENABLE_SANITIZER_LEAK:BOOL=OFF

//Enable memory sanitizer
FICTION_ENABLE_SANITIZER_MEMORY:BOOL=OFF

//Enable thread sanitizer
FICTION_ENABLE_SANITIZER_THREAD:BOOL=OFF

//Enable undefined sanitizer
FICTION_ENABLE_SANITIZER_UNDEFINED:BOOL=OFF

//Enable unity builds
FICTION_ENABLE_UNITY_BUILD:BOOL=OFF

//Build fiction experiments
FICTION_EXPERIMENTS:BOOL=OFF

//Reduce memory consumption of Debug builds
FICTION_LIGHTWEIGHT_DEBUG_BUILDS:BOOL=OFF

//Enable the logic synthesis flow for the fiction CLI
FICTION_LOGIC_SYNTHESIS_FLOW:BOOL=ON

//Enable the physical design flow for the fiction CLI
FICTION_PHYSICAL_DESIGN_FLOW:BOOL=ON

//Enable animated progress bars in command line
FICTION_PROGRESS_BARS:BOOL=ON

//Build fiction Python bindings
FICTION_PYTHON_BINDINGS:BOOL=OFF

//Enable the physical simulation flow for the fiction CLI
FICTION_SIMULATION_FLOW:BOOL=ON

//Build fiction tests
FICTION_TEST:BOOL=OFF

//Treat Warnings As Errors
FICTION_WARNINGS_AS_ERRORS:BOOL=OFF

//Find, include, and utilize the Z3 solver by Microsoft Research.
// It needs to be installed manually.
FICTION_Z3:BOOL=OFF

//Path to a program.
GITCOMMAND:FILEPATH=/usr/bin/git

//SHA this build was generated from
GIT_SHA:STRING=Unknown

//Enable CI build targets.
JSON_CI:BOOL=OFF

//Enable diagnostic positions.
JSON_Diagnostic_Positions:BOOL=OFF

//Use extended diagnostic messages.
JSON_Diagnostics:BOOL=OFF

//Disable default integer enum serialization.
JSON_DisableEnumSerialization:BOOL=OFF

//Place user-defined string literals in the global namespace.
JSON_GlobalUDLs:BOOL=ON

//Enable implicit conversions.
JSON_ImplicitConversions:BOOL=ON

//Install CMake targets during install step.
JSON_Install:BOOL=OFF

//Enable legacy discarded value comparison.
JSON_LegacyDiscardedValueComparison:BOOL=OFF

//Use non-amalgamated version of the library.
JSON_MultipleHeaders:BOOL=ON

//Include as system headers (skip for clang-tidy).
JSON_SystemInclude:BOOL=OFF

//Command to build the project
MAKECOMMAND:STRING=/usr/local/bin/cmake --build . --config "${CTEST_CONFIGURATION_TYPE}"

//Path to the memory checking command, used for memory error detection.
MEMORYCHECK_COMMAND:FILEPATH=MEMORYCHECK_COMMAND-NOTFOUND

//File that contains suppressions for the memory checker
MEMORYCHECK_SUPPRESSIONS_FILE:FILEPATH=

//C++ standard
MOCKTURTLE_CXX_STANDARD:STRING=17

//Build examples
MOCKTURTLE_EXAMPLES:BOOL=OFF

//Build experiments
MOCKTURTLE_EXPERIMENTS:BOOL=OFF

//Build tests
MOCKTURTLE_TEST:BOOL=OFF

//Build C++ modules support
NLOHMANN_JSON_BUILD_MODULES:BOOL=OFF

//To enforce that a handle_type_name<> specialization exists
PYBIND11_DISABLE_HANDLE_TYPE_NAME_DEFAULT_IMPLEMENTATION:BOOL=OFF

//Force new FindPython - NEW, OLD, COMPAT
PYBIND11_FINDPYTHON:STRING=COMPAT

//Install pybind11 header files?
PYBIND11_INSTALL:BOOL=OFF

//Override the ABI version, may be used to enable the unstable
// ABI.
PYBIND11_INTERNALS_VERSION:STRING=

//Disable search for Python
PYBIND11_NOPYTHON:BOOL=OFF

//Use simpler GIL management logic that does not support disassociation
PYBIND11_SIMPLE_GIL_MANAGEMENT:BOOL=OFF

//Build pybind11 test suite?
PYBIND11_TEST:BOOL=OFF

//Respect CMAKE_CROSSCOMPILING
PYBIND11_USE_CROSSCOMPILING:BOOL=OFF

//Python Interpreter
Python_EXECUTABLE:FILEPATH=/usr/bin/python3.12

//Python Include Directory
Python_INCLUDE_DIR:FILEPATH=/usr/include/python3.12

//Python Library
Python_LIBRARY:FILEPATH=/usr/lib/x86_64-linux-gnu/libpython3.12.so

//Name of the computer/site where compile is being run
SITE:STRING=runnervmw9dnm

//Path to a file.
TBB_INCLUDE_DIR:PATH=TBB_INCLUDE_DIR-NOTFOUND

//Path to a library.
TBB_LIBRARY_DEBUG:FILEPATH=TBB_LIBRARY_DEBUG-NOTFOUND

//Path to a library.
TBB_LIBRARY_RELEASE:FILEPATH=TBB_LIBRARY_RELEASE-NOTFOUND

//Value Computed by CMake
alice_BINARY_DIR:STATIC=/home/runner/work/fiction/fiction/_codeql_build_dir/libs/alice

//Value Computed by CMake
alice_IS_TOP_LEVEL:STATIC=OFF

//Value Computed by CMake
alice_SOURCE_DIR:STATIC=/home/runner/work/fiction/fiction/libs/alice

//Value Computed by CMake
fiction_BINARY_DIR:STATIC=/home/runner/work/fiction/fiction/_codeql_build_dir

//Value Computed by CMake
fiction_IS_TOP_LEVEL:STATIC=ON

//Value Computed by CMake
fiction_SOURCE_DIR:STATIC=/home/runner/work/fiction/fiction

//Value Computed by CMake
graph-coloring_BINARY_DIR:STATIC=/home/runner/work/fiction/fiction/_codeql_build_dir/libs/graph-coloring

//Value Computed by CMake
graph-coloring_IS_TOP_LEVEL:STATIC=OFF

//Value Computed by CMake
graph-coloring_SOURCE_DIR:STATIC=/home/runner/work/fiction/fiction/libs/graph-coloring

//Value Computed by CMake
libabcesop_BINARY_DIR:STATIC=/home/runner/work/fiction/fiction/_codeql_build_dir/libs/mockturtle/lib/abcesop

//Value Computed by CMake
libabcesop_IS_TOP_LEVEL:STATIC=OFF

//Value Computed by CMake
libabcesop_SOURCE_DIR:STATIC=/home/runner/work/fiction/fiction/libs/mockturtle/lib/abcesop

//Value Computed by CMake
libabcsat_BINARY_DIR:STATIC=/home/runner/work/fiction/fiction/_codeql_build_dir/libs/mockturtle/lib/abcsat

//Value Computed by CMake
libabcsat_IS_TOP_LEVEL:STATIC=OFF

//Value Computed by CMake
libabcsat_SOURCE_DIR:STATIC=/home/runner/work/fiction/fiction/libs/mockturtle/lib/abcsat

//Value Computed by CMake
mockturtle_BINARY_DIR:STATIC=/home/runner/work/fiction/fiction/_codeql_build_dir/libs/mockturtle

//Value Computed by CMake
mockturtle_IS_TOP_LEVEL:STATIC=OFF

//Value Computed by CMake
mockturtle_SOURCE_DIR:STATIC=/home/runner/work/fiction/fiction/libs/mockturtle

//Value Computed by CMake
nlohmann_json_BINARY_DIR:STATIC=/home/runner/work/fiction/fiction/_codeql_build_dir/libs/json

//Value Computed by CMake
nlohmann_json_IS_TOP_LEVEL:STATIC=OFF

//Value Computed by CMake
nlohmann_json_SOURCE_DIR:STATIC=/home/runner/work/fiction/fiction/libs/json

//Value Computed by CMake
pybind11_BINARY_DIR:STATIC=/home/runner/work/fiction/fiction/_codeql_build_dir/libs/pybind11

//Value Computed by CMake
pybind11_IS_TOP_LEVEL:STATIC=OFF

//Value Computed by CMake
pybind11_SOURCE_DIR:STATIC=/home/runner/work/fiction/fiction/libs/pybind11

//Value Computed by CMake
tinyxml2_BINARY_DIR:STATIC=/home/runner/work/fiction/fiction/_codeql_build_dir/libs/tinyxml2

//Path to tinyxml2 CMake files
tinyxml2_INSTALL_CMAKEDIR:STRING=lib/cmake/tinyxml2

//Create and install pkgconfig files
tinyxml2_INSTALL_PKGCONFIG:BOOL=ON

//Directory for pkgconfig files
tinyxml2_INSTALL_PKGCONFIGDIR:PATH=lib/pkgconfig

//Value Computed by CMake
tinyxml2_IS_TOP_LEVEL:STATIC=OFF

//Value Computed by CMake
tinyxml2_SOURCE_DIR:STATIC=/home/runner/work/fiction/fiction/libs/tinyxml2


########################
# INTERNAL cache entries
########################

//STRINGS property for variable: ALICE_READLINE_LIBRARY
ALICE_READLINE_LIBRARY-STRINGS:INTERNAL=NATIVE;READLINE
//STRINGS property for variable: CACHE_OPTION
CACHE_OPTION-STRINGS:INTERNAL=ccache;sccache
//ADVANCED property for variable: CMAKE_ADDR2LINE
CMAKE_ADDR2LINE-ADVANCED:INTERNAL=1
//ADVANCED property for variable: CMAKE_AR
CMAKE_AR-ADVANCED:INTERNAL=1
//This is the directory where this CMakeCache.txt was created
CMAKE_CACHEFILE_DIR:INTERNAL=/home/runner/work/fiction/fiction/_codeql_build_dir
//Major version of cmake used to create the current loaded cache
CMAKE_CACHE_MAJOR_VERSION:INTERNAL=3
//Minor version of cmake used to create the current loaded cache
CMAKE_CACHE_MINOR_VERSION:INTERNAL=31
//Patch version of cmake used to create the current loaded cache
CMAKE_CACHE_PATCH_VERSION:INTERNAL=6
//ADVANCED property for variable: CMAKE_COLOR_MAKEFILE
CMAKE_COLOR_MAKEFILE-ADVANCED:INTERNAL=1
//Path to CMake executable.
CMAKE_COMMAND:INTERNAL=/usr/local/bin/cmake
//Path to cpack program executable.
CMAKE_CPACK_COMMAND:INTERNAL=/usr/local/bin/cpack
//ADVANCED property for variable: CMAKE_CTEST_COMMAND
CMAKE_CTEST_COMMAND-ADVANCED:INTERNAL=1
//Path to ctest program executable.
CMAKE_CTEST_COMMAND:INTERNAL=/usr/local/bin/ctest
//ADVANCED property for variable: CMAKE_CXX_COMPILER
CMAKE_CXX_COMPILER-ADVANCED:INTERNAL=1
//ADVANCED property for variable: CMAKE_CXX_COMPILER_AR
CMAKE_CXX_COMPILER_AR-ADVANCED:INTERNAL=1
//ADVANCED property for variable: CMAKE_CXX_COMPILER_RANLIB
CMAKE_CXX_COMPILER_RANLIB-ADVANCED:INTERNAL=1
//ADVANCED property for variable: CMAKE_CXX_FLAGS
CMAKE_CXX_FLAGS-ADVANCED:INTERNAL=1
//ADVANCED property for variable: CMAKE_CXX_FLAGS_DEBUG
CMAKE_CXX_FLAGS_DEBUG-ADVANCED:INTERNAL=1
//ADVANCED property for variable: CMAKE_CXX_FLAGS_MINSIZEREL
CMAKE_CXX_FLAGS_MINSIZEREL-ADVANCED:INTERNAL=1
//ADVANCED property for variable: CMAKE_CXX_FLAGS_RELEASE
CMAKE_CXX_FLAGS_RELEASE-ADVANCED:INTERNAL=1
//ADVANCED property for variable: CMAKE_CXX_FLAGS_RELWITHDEBINFO
CMAKE_CXX_FLAGS_RELWITHDEBINFO-ADVANCED:INTERNAL=1
//ADVANCED property for variable: CMAKE_C_COMPILER
CMAKE_C_COMPILER-ADVANCED:INTERNAL=1
//ADVANCED property for variable: CMAKE_C_COMPILER_AR
CMAKE_C_COMPILER_AR-ADVANCED:INTERNAL=1
//ADVANCED property for variable: CMAKE_C_COMPILER_RANLIB
CMAKE_C_COMPILER_RANLIB-ADVANCED:INTERNAL=1
//ADVANCED property for variable: CMAKE_C_FLAGS
CMAKE_C_FLAGS-ADVANCED:INTERNAL=1
//ADVANCED property for variable: CMAKE_C_FLAGS_DEBUG
CMAKE_C_FLAGS_DEBUG-ADVANCED:INTERNAL=1
//ADVANCED property for variable: CMAKE_C_FLAGS_MINSIZEREL
CMAKE_C_FLAGS_MINSIZEREL-ADVANCED:INTERNAL=1
//ADVANCED property for variable: CMAKE_C_FLAGS_RELEASE
CMAKE_C_FLAGS_RELEASE-ADVANCED:INTERNAL=1
//ADVANCED property for variable: CMAKE_C_FLAGS_RELWITHDEBINFO
CMAKE_C_FLAGS_RELWITHDEBINFO-ADVANCED:INTERNAL=1
//ADVANCED property for variable: CMAKE_DLLTOOL
CMAKE_DLLTOOL-ADVANCED:INTERNAL=1
//Path to cache edit program executable.
CMAKE_EDIT_COMMAND:INTERNAL=/usr/local/bin/ccmake
//Executable file format
CMAKE_EXECUTABLE_FORMAT:INTERNAL=ELF
//ADVANCED property for variable: CMAKE_EXE_LINKER_FLAGS
CMAKE_EXE_LINKER_FLAGS-ADVANCED:INTERNAL=1
//ADVANCED property for variable: CMAKE_EXE_LINKER_FLAGS_DEBUG
CMAKE_EXE_LINKER_FLAGS_DEBUG-ADVANCED:INTERNAL=1
//ADVANCED property for variable: CMAKE_EXE_LINKER_FLAGS_MINSIZEREL
CMAKE_EXE_LINKER_FLAGS_MINSIZEREL-ADVANCED:INTERNAL=1
//ADVANCED property for variable: CMAKE_EXE_LINKER_FLAGS_RELEASE
CMAKE_EXE_LINKER_FLAGS_RELEASE-ADVANCED:INTERNAL=1
//ADVANCED property for variable: CMAKE_EXE_LINKER_FLAGS_RELWITHDEBINFO
CMAKE_EXE_LINKER_FLAGS_RELWITHDEBINFO-ADVANCED:INTERNAL=1
//ADVANCED property for variable: CMAKE_EXPORT_COMPILE_COMMANDS
CMAKE_EXPORT_COMPILE_COMMANDS-ADVANCED:INTERNAL=1
//Name of external makefile project generator.
CMAKE_EXTRA_GENERATOR:INTERNAL=
//Name of generator.
CMAKE_GENERATOR:INTERNAL=Unix Makefiles
//Generator instance identifier.
CMAKE_GENERATOR_INSTANCE:INTERNAL=
//Name of generator platform.
CMAKE_GENERATOR_PLATFORM:INTERNAL=
//Name of generator toolset.
CMAKE_GENERATOR_TOOLSET:INTERNAL=
//Test CMAKE_HAVE_LIBC_PTHREAD
CMAKE_HAVE_LIBC_PTHREAD:INTERNAL=1
//Source directory with the top level CMakeLists.txt file for this
// project
CMAKE_HOME_DIRECTORY:INTERNAL=/home/runner/work/fiction/fiction
//ADVANCED property for variable: CMAKE_INSTALL_BINDIR
CMAKE_INSTALL_BINDIR-ADVANCED:INTERNAL=1
//ADVANCED property for variable: CMAKE_INSTALL_DATADIR
CMAKE_INSTALL_DATADIR-ADVANCED:INTERNAL=1
//ADVANCED property for variable: CMAKE_INSTALL_DATAROOTDIR
CMAKE_INSTALL_DATAROOTDIR-ADVANCED:INTERNAL=1
//ADVANCED property for variable: CMAKE_INSTALL_DOCDIR
CMAKE_INSTALL_DOCDIR-ADVANCED:INTERNAL=1
//ADVANCED property for variable: CMAKE_INSTALL_INCLUDEDIR
CMAKE_INSTALL_INCLUDEDIR-ADVANCED:INTERNAL=1
//ADVANCED property for variable: CMAKE_INSTALL_INFODIR
CMAKE_INSTALL_INFODIR-ADVANCED:INTERNAL=1
//ADVANCED property for variable: CMAKE_INSTALL_LIBDIR
CMAKE_INSTALL_LIBDIR-ADVANCED:INTERNAL=1
//ADVANCED property for variable: CMAKE_INSTALL_LIBEXECDIR
CMAKE_INSTALL_LIBEXECDIR-ADVANCED:INTERNAL=1
//ADVANCED property for variable: CMAKE_INSTALL_LOCALEDIR
CMAKE_INSTALL_LOCALEDIR-ADVANCED:INTERNAL=1
//ADVANCED property for variable: CMAKE_INSTALL_LOCALSTATEDIR
CMAKE_INSTALL_LOCALSTATEDIR-ADVANCED:INTERNAL=1
//ADVANCED property for variable: CMAKE_INSTALL_MANDIR
CMAKE_INSTALL_MANDIR-ADVANCED:INTERNAL=1
//ADVANCED property for variable: CMAKE_INSTALL_OLDINCLUDEDIR
CMAKE_INSTALL_OLDINCLUDEDIR-ADVANCED:INTERNAL=1
//ADVANCED property for variable: CMAKE_INSTALL_RUNSTATEDIR
CMAKE_INSTALL_RUNSTATEDIR-ADVANCED:INTERNAL=1
//ADVANCED property for variable: CMAKE_INSTALL_SBINDIR
CMAKE_INSTALL_SBINDIR-ADVANCED:INTERNAL=1
//ADVANCED property for variable: CMAKE_INSTALL_SHAREDSTATEDIR
CMAKE_INSTALL_SHAREDSTATEDIR-ADVANCED:INTERNAL=1
//Install .so files without execute permission.
CMAKE_INSTALL_SO_NO_EXE:INTERNAL=1
//ADVANCED property for variable: CMAKE_INSTALL_SYSCONFDIR
CMAKE_INSTALL_SYSCONFDIR-ADVANCED:INTERNAL=1
//ADVANCED property for variable: CMAKE_LINKER
CMAKE_LINKER-ADVANCED:INTERNAL=1
//ADVANCED property for variable: CMAKE_MAKE_PROGRAM
CMAKE_MAKE_PROGRAM-ADVANCED:INTERNAL=1
//ADVANCED property for variable: CMAKE_MODULE_LINKER_FLAGS
CMAKE_MODULE_LINKER_FLAGS-ADVANCED:INTERNAL=1
//ADVANCED property for variable: CMAKE_MODULE_LINKER_FLAGS_DEBUG
CMAKE_MODULE_LINKER_FLAGS_DEBUG-ADVANCED:INTERNAL=1
//ADVANCED property for variable: CMAKE_MODULE_LINKER_FLAGS_MINSIZEREL
CMAKE_MODULE_LINKER_FLAGS_MINSIZEREL-ADVANCED:INTERNAL=1
//ADVANCED property for variable: CMAKE_MODULE_LINKER_FLAGS_RELEASE
CMAKE_MODULE_LINKER_FLAGS_RELEASE-ADVANCED:INTERNAL=1
//ADVANCED property for variable: CMAKE_MODULE_LINKER_FLAGS_RELWITHDEBINFO
CMAKE_MODULE_LINKER_FLAGS_RELWITHDEBINFO-ADVANCED:INTERNAL=1
//ADVANCED property for variable: CMAKE_NM
CMAKE_NM-ADVANCED:INTERNAL=1
//number of local generators
CMAKE_NUMBER_OF_MAKEFILES:INTERNAL=16
//ADVANCED property for variable: CMAKE_OBJCOPY
CMAKE_OBJCOPY-ADVANCED:INTERNAL=1
//ADVANCED property for variable: CMAKE_OBJDUMP
CMAKE_OBJDUMP-ADVANCED:INTERNAL=1
//Platform information initialized
CMAKE_PLATFORM_INFO_INITIALIZED:INTERNAL=1
//ADVANCED property for variable: CMAKE_RANLIB
CMAKE_RANLIB-ADVANCED:INTERNAL=1
//ADVANCED property for variable: CMAKE_READELF
CMAKE_READELF-ADVANCED:INTERNAL=1
//Path to CMake installation.
CMAKE_ROOT:INTERNAL=/usr/local/share/cmake-3.31
//ADVANCED property for variable: CMAKE_SHARED_LINKER_FLAGS
CMAKE_SHARED_LINKER_FLAGS-ADVANCED:INTERNAL=1
//ADVANCED property for variable: CMAKE_SHARED_LINKER_FLAGS_DEBUG
CMAKE_SHARED_LINKER_FLAGS_DEBUG-ADVANCED:INTERNAL=1
//ADVANCED property for variable: CMAKE_SHARED_LINKER_FLAGS_MINSIZEREL
CMAKE_SHARED_LINKER_FLAGS_MINSIZEREL-ADVANCED:INTERNAL=1
//ADVANCED property for variable: CMAKE_SHARED_LINKER_FLAGS_RELEASE
CMAKE_SHARED_LINKER_FLAGS_RELEASE-ADVANCED:INTERNAL=1
//ADVANCED property for variable: CMAKE_SHARED_LINKER_FLAGS_RELWITHDEBINFO
CMAKE_SHARED_LINKER_FLAGS_RELWITHDEBINFO-ADVANCED:INTERNAL=1
//ADVANCED property for variable: CMAKE_SKIP_INSTALL_RPATH
CMAKE_SKIP_INSTALL_RPATH-ADVANCED:INTERNAL=1
//ADVANCED property for variable: CMAKE_SKIP_RPATH
CMAKE_SKIP_RPATH-ADVANCED:INTERNAL=1
//ADVANCED property for variable: CMAKE_STATIC_LINKER_FLAGS
CMAKE_STATIC_LINKER_FLAGS-ADVANCED:INTERNAL=1
//ADVANCED property for variable: CMAKE_STATIC_LINKER_FLAGS_DEBUG
CMAKE_STATIC_LINKER_FLAGS_DEBUG-ADVANCED:INTERNAL=1
//ADVANCED property for variable: CMAKE_STATIC_LINKER_FLAGS_MINSIZEREL
CMAKE_STATIC_LINKER_FLAGS_MINSIZEREL-ADVANCED:INTERNAL=1
//ADVANCED property for variable: CMAKE_STATIC_LINKER_FLAGS_RELEASE
CMAKE_STATIC_LINKER_FLAGS_RELEASE-ADVANCED:INTERNAL=1
//ADVANCED property for variable: CMAKE_STATIC_LINKER_FLAGS_RELWITHDEBINFO
CMAKE_STATIC_LINKER_FLAGS_RELWITHDEBINFO-ADVANCED:INTERNAL=1
//ADVANCED property for variable: CMAKE_STRIP
CMAKE_STRIP-ADVANCED:INTERNAL=1
//ADVANCED property for variable: CMAKE_TAPI
CMAKE_TAPI-ADVANCED:INTERNAL=1
//uname command
CMAKE_UNAME:INTERNAL=/usr/bin/uname
//ADVANCED property for variable: CMAKE_VERBOSE_MAKEFILE
CMAKE_VERBOSE_MAKEFILE-ADVANCED:INTERNAL=1
//Compiler support for a deprecated attribute
COMPILER_HAS_DEPRECATED:INTERNAL=1
//Test COMPILER_HAS_DEPRECATED_ATTR
COMPILER_HAS_DEPRECATED_ATTR:INTERNAL=1
//Test COMPILER_HAS_HIDDEN_INLINE_VISIBILITY
COMPILER_HAS_HIDDEN_INLINE_VISIBILITY:INTERNAL=1
//Test COMPILER_HAS_HIDDEN_VISIBILITY
COMPILER_HAS_HIDDEN_VISIBILITY:INTERNAL=1
//ADVANCED property for variable: COVERAGE_COMMAND
COVERAGE_COMMAND-ADVANCED:INTERNAL=1
//ADVANCED property for variable: COVERAGE_EXTRA_FLAGS
COVERAGE_EXTRA_FLAGS-ADVANCED:INTERNAL=1
//ADVANCED property for variable: CTEST_SUBMIT_RETRY_COUNT
CTEST_SUBMIT_RETRY_COUNT-ADVANCED:INTERNAL=1
//ADVANCED property for variable: CTEST_SUBMIT_RETRY_DELAY
CTEST_SUBMIT_RETRY_DELAY-ADVANCED:INTERNAL=1
//ADVANCED property for variable: DART_TESTING_TIMEOUT
DART_TESTING_TIMEOUT-ADVANCED:INTERNAL=1
//Details about finding Python
FIND_PACKAGE_MESSAGE_DETAILS_Python:INTERNAL=[/usr/bin/python3.12][/usr/include/python3.12][cfound components: Interpreter Development.Module Development.Embed ][v3.12.3(3.8)]
//Details about finding Threads
FIND_PACKAGE_MESSAGE_DETAILS_Threads:INTERNAL=[TRUE][v()]
//ADVANCED property for variable: GITCOMMAND
GITCOMMAND-ADVANCED:INTERNAL=1
//Test HAS_FCOLOR_DIAGNOSTICS
HAS_FCOLOR_DIAGNOSTICS:INTERNAL=
//Test HAS_FLTO_AUTO
HAS_FLTO_AUTO:INTERNAL=1
//Test HAS_NO_UNNEEDED_INTERNAL_DECLARATION
HAS_NO_UNNEEDED_INTERNAL_DECLARATION:INTERNAL=1
//Test HAS_WNO_gnu-anonymous-struct
HAS_WNO_gnu-anonymous-struct:INTERNAL=
//Test HAS_WNO_nested-anon-types
HAS_WNO_nested-anon-types:INTERNAL=
//Test HAS_WNO_unknown-pragmas
HAS_WNO_unknown-pragmas:INTERNAL=1
//Build the unit tests when BUILD_TESTING is enabled.
JSON_BuildTests:INTERNAL=OFF
//ADVANCED property for variable: MAKECOMMAND
MAKECOMMAND-ADVANCED:INTERNAL=1
//ADVANCED property for variable: MEMORYCHECK_COMMAND
MEMORYCHECK_COMMAND-ADVANCED:INTERNAL=1
//ADVANCED property for variable: MEMORYCHECK_SUPPRESSIONS_FILE
MEMORYCHECK_SUPPRESSIONS_FILE-ADVANCED:INTERNAL=1
NLOHMANN_JSON_CONFIG_INSTALL_DIR:INTERNAL=share/cmake/nlohmann_json
PYBIND11_INCLUDE_DIR:INTERNAL=/home/runner/work/fiction/fiction/libs/pybind11/include
//Python executable during the last CMake run
PYBIND11_PYTHON_EXECUTABLE_LAST:INTERNAL=/usr/bin/python3.12
//Python debug status
PYTHON_IS_DEBUG:INTERNAL=0
PYTHON_MODULE_DEBUG_POSTFIX:INTERNAL=
PYTHON_MODULE_EXTENSION:INTERNAL=.cpython-312-x86_64-linux-gnu.so
Python_VERSION:INTERNAL=3.12.3
Python_VERSION_MAJOR:INTERNAL=3
Python_VERSION_MINOR:INTERNAL=12
Python_VERSION_PATCH:INTERNAL=3
//Test READLINE_WORKS
READLINE_WORKS:INTERNAL=
//Result of TRY_COMPILE
READLINE_WORKS_COMPILED:INTERNAL=FALSE
//ADVANCED property for variable: SITE
SITE-ADVANCED:INTERNAL=1
//ADVANCED property for variable: TBB_INCLUDE_DIR
TBB_INCLUDE_DIR-ADVANCED:INTERNAL=1
//ADVANCED property for variable: TBB_LIBRARY_DEBUG
TBB_LIBRARY_DEBUG-ADVANCED:INTERNAL=1
//ADVANCED property for variable: TBB_LIBRARY_RELEASE
TBB_LIBRARY_RELEASE-ADVANCED:INTERNAL=1
//linker supports push/pop state
_CMAKE_CXX_LINKER_PUSHPOP_STATE_SUPPORTED:INTERNAL=TRUE
//linker supports push/pop state
_CMAKE_C_LINKER_PUSHPOP_STATE_SUPPORTED:INTERNAL=TRUE
//linker supports push/pop state
_CMAKE_LINKER_PUSHPOP_STATE_SUPPORTED:INTERNAL=TRUE
//CMAKE_INSTALL_PREFIX during last run
_GNUInstallDirs_LAST_CMAKE_INSTALL_PREFIX:INTERNAL=/usr/local
_PYBIND11_CROSSCOMPILING:INTERNAL=OFF
_Python:INTERNAL=Python
//Compiler reason failure
_Python_Compiler_REASON_FAILURE:INTERNAL=
_Python_DEVELOPMENT_EMBED_SIGNATURE:INTERNAL=d80544d2ab3d7b907eb5fd9046b551b5
_Python_DEVELOPMENT_MODULE_SIGNATURE:INTERNAL=b07e55b6953c4af2b25fefd6debc56ee
//Development reason failure
_Python_Development_REASON_FAILURE:INTERNAL=
//Path to a program.
_Python_EXECUTABLE:INTERNAL=/usr/bin/python3.12
//Path to a file.
_Python_INCLUDE_DIR:INTERNAL=/usr/include/python3.12
//Python Properties
_Python_INTERPRETER_PROPERTIES:INTERNAL=Python;3;12;3;64;<none>;cpython-312-x86_64-linux-gnu;abi3;/usr/lib/python3.12;/usr/lib/python3.12;/usr/local/lib/python3.12/dist-packages;/usr/local/lib/python3.12/dist-packages
_Python_INTERPRETER_SIGNATURE:INTERNAL=2cc06b640ea2f5bbf165012d05859a36
//Path to a library.
_Python_LIBRARY_RELEASE:INTERNAL=/usr/lib/x86_64-linux-gnu/libpython3.12.so
//NumPy reason failure
_Python_NumPy_REASON_FAILURE:INTERNAL=
//True if pybind11 and all required components found on the system
pybind11_FOUND:INTERNAL=TRUE
//Directory where pybind11 headers are located
pybind11_INCLUDE_DIR:INTERNAL=/home/runner/work/fiction/fiction/libs/pybind11/include
//Directories where pybind11 and possibly Python headers are located
pybind11_INCLUDE_DIRS:INTERNAL=/home/runner/work/fiction/fiction/libs/pybind11/include;/usr/include/python3.12

